system   D            wsystem.c:583  maybe_parent_dir                 [   0.00244] Also searching C:\Users\LAPTOP\Desktop\Game of Life\GameOfLife-Allegro\
system   D            wsystem.c:633  _al_win_safe_load_library        [   0.00340] PathFindOnPath found: C:\Windows\system32\d3d9.dll
system   D            wsystem.c:544  load_library_at_path             [   0.00352] Calling LoadLibrary C:\Windows\system32\d3d9.dll
system   I            wsystem.c:547  load_library_at_path             [   0.03038] Loaded C:\Windows\system32\d3d9.dll
d3d      I         d3d_disp.cpp:696  _al_d3d_init_display             [   0.12670] Render-to-texture: 1
system   I             system.c:252  al_install_system                [   0.12694] Allegro version: 5.0.10
audio-dsound D           dsound.cpp:244  _dsound_open                     [   0.12847] Loading DirectSound module
system   D            wsystem.c:583  maybe_parent_dir                 [   0.12904] Also searching C:\Users\LAPTOP\Desktop\Game of Life\GameOfLife-Allegro\
system   D            wsystem.c:633  _al_win_safe_load_library        [   0.12974] PathFindOnPath found: C:\Windows\system32\dsound.dll
system   D            wsystem.c:544  load_library_at_path             [   0.12984] Calling LoadLibrary C:\Windows\system32\dsound.dll
system   I            wsystem.c:547  load_library_at_path             [   0.13426] Loaded C:\Windows\system32\dsound.dll
audio-dsound I           dsound.cpp:261  _dsound_open                     [   0.13459] Starting DirectSound...
audio-dsound D           dsound.cpp:271  _dsound_open                     [   0.22429] DirectSoundCreate8 succeeded
audio    I              audio.c:288  do_install_audio                 [   0.22978] Using DirectSound driver
d3d      I         d3d_disp.cpp:1737 d3d_create_display_locked        [   0.23297] faux_fullscreen=0
d3d      D         d3d_disp.cpp:1738 d3d_create_display_locked        [   0.23310] al_display=0080BEA8
d3d      D         d3d_disp.cpp:1739 d3d_create_display_locked        [   0.23318] al_display->vt=007EE180
d3d      I d3d_display_formats.cpp:144  _al_d3d_generate_display_format_list [   0.23990] found 64 format combinations
display  D   display_settings.c:191  debug_display_settings           [   0.24005] color: 32 (rgba 8880), depth: 0, stencil: 0, acc: 0000, samples: 0/0
display  D   display_settings.c:506  _al_score_display_settings       [   0.24016] Score is : 897
display  D   display_settings.c:191  debug_display_settings           [   0.24024] color: 32 (rgba 8880), depth: 0, stencil: 0, acc: 0000, samples: 0/0
display  D   display_settings.c:506  _al_score_display_settings       [   0.24034] Score is : 897
display  D   display_settings.c:191  debug_display_settings           [   0.24043] color: 32 (rgba 8880), depth: 24, stencil: 8, acc: 0000, samples: 0/0
display  D   display_settings.c:506  _al_score_display_settings       [   0.24053] Score is : 897
display  D   display_settings.c:191  debug_display_settings           [   0.24061] color: 32 (rgba 8880), depth: 24, stencil: 8, acc: 0000, samples: 0/0
display  D   display_settings.c:506  _al_score_display_settings       [   0.24071] Score is : 897
display  D   display_settings.c:191  debug_display_settings           [   0.24079] color: 32 (rgba 8880), depth: 24, stencil: 0, acc: 0000, samples: 0/0
display  D   display_settings.c:506  _al_score_display_settings       [   0.24089] Score is : 897
display  D   display_settings.c:191  debug_display_settings           [   0.24096] color: 32 (rgba 8880), depth: 24, stencil: 0, acc: 0000, samples: 0/0
display  D   display_settings.c:506  _al_score_display_settings       [   0.24106] Score is : 897
display  D   display_settings.c:191  debug_display_settings           [   0.24113] color: 32 (rgba 8880), depth: 16, stencil: 0, acc: 0000, samples: 0/0
display  D   display_settings.c:506  _al_score_display_settings       [   0.24123] Score is : 897
display  D   display_settings.c:191  debug_display_settings           [   0.24131] color: 32 (rgba 8880), depth: 16, stencil: 0, acc: 0000, samples: 0/0
display  D   display_settings.c:506  _al_score_display_settings       [   0.24151] Score is : 897
display  D   display_settings.c:191  debug_display_settings           [   0.24160] color: 16 (rgba 5650), depth: 0, stencil: 0, acc: 0000, samples: 0/0
display  D   display_settings.c:506  _al_score_display_settings       [   0.24170] Score is : 897
display  D   display_settings.c:191  debug_display_settings           [   0.24177] color: 16 (rgba 5650), depth: 0, stencil: 0, acc: 0000, samples: 0/0
display  D   display_settings.c:506  _al_score_display_settings       [   0.24187] Score is : 897
display  D   display_settings.c:191  debug_display_settings           [   0.24195] color: 16 (rgba 5650), depth: 24, stencil: 8, acc: 0000, samples: 0/0
display  D   display_settings.c:506  _al_score_display_settings       [   0.24204] Score is : 897
display  D   display_settings.c:191  debug_display_settings           [   0.24212] color: 16 (rgba 5650), depth: 24, stencil: 8, acc: 0000, samples: 0/0
display  D   display_settings.c:506  _al_score_display_settings       [   0.24222] Score is : 897
display  D   display_settings.c:191  debug_display_settings           [   0.24230] color: 16 (rgba 5650), depth: 24, stencil: 0, acc: 0000, samples: 0/0
display  D   display_settings.c:506  _al_score_display_settings       [   0.24241] Score is : 897
display  D   display_settings.c:191  debug_display_settings           [   0.24249] color: 16 (rgba 5650), depth: 24, stencil: 0, acc: 0000, samples: 0/0
display  D   display_settings.c:506  _al_score_display_settings       [   0.24258] Score is : 897
display  D   display_settings.c:191  debug_display_settings           [   0.24265] color: 16 (rgba 5650), depth: 16, stencil: 0, acc: 0000, samples: 0/0
display  D   display_settings.c:506  _al_score_display_settings       [   0.24275] Score is : 897
display  D   display_settings.c:191  debug_display_settings           [   0.24282] color: 16 (rgba 5650), depth: 16, stencil: 0, acc: 0000, samples: 0/0
display  D   display_settings.c:506  _al_score_display_settings       [   0.24292] Score is : 897
display  D   display_settings.c:191  debug_display_settings           [   0.24300] color: 32 (rgba 8880), depth: 0, stencil: 0, acc: 0000, samples: 0/0
display  D   display_settings.c:377  _al_score_display_settings       [   0.24309] Single Buffer requirement not met.
display  D   display_settings.c:191  debug_display_settings           [   0.24316] color: 32 (rgba 8880), depth: 0, stencil: 0, acc: 0000, samples: 0/0
display  D   display_settings.c:377  _al_score_display_settings       [   0.24325] Single Buffer requirement not met.
display  D   display_settings.c:191  debug_display_settings           [   0.24333] color: 32 (rgba 8880), depth: 24, stencil: 8, acc: 0000, samples: 0/0
display  D   display_settings.c:377  _al_score_display_settings       [   0.24342] Single Buffer requirement not met.
display  D   display_settings.c:191  debug_display_settings           [   0.24350] color: 32 (rgba 8880), depth: 24, stencil: 8, acc: 0000, samples: 0/0
display  D   display_settings.c:377  _al_score_display_settings       [   0.24360] Single Buffer requirement not met.
display  D   display_settings.c:191  debug_display_settings           [   0.24369] color: 32 (rgba 8880), depth: 24, stencil: 0, acc: 0000, samples: 0/0
display  D   display_settings.c:377  _al_score_display_settings       [   0.24378] Single Buffer requirement not met.
display  D   display_settings.c:191  debug_display_settings           [   0.24386] color: 32 (rgba 8880), depth: 24, stencil: 0, acc: 0000, samples: 0/0
display  D   display_settings.c:377  _al_score_display_settings       [   0.24396] Single Buffer requirement not met.
display  D   display_settings.c:191  debug_display_settings           [   0.24405] color: 32 (rgba 8880), depth: 16, stencil: 0, acc: 0000, samples: 0/0
display  D   display_settings.c:377  _al_score_display_settings       [   0.24414] Single Buffer requirement not met.
display  D   display_settings.c:191  debug_display_settings           [   0.24422] color: 32 (rgba 8880), depth: 16, stencil: 0, acc: 0000, samples: 0/0
display  D   display_settings.c:377  _al_score_display_settings       [   0.24432] Single Buffer requirement not met.
display  D   display_settings.c:191  debug_display_settings           [   0.24441] color: 16 (rgba 5650), depth: 0, stencil: 0, acc: 0000, samples: 0/0
display  D   display_settings.c:377  _al_score_display_settings       [   0.24451] Single Buffer requirement not met.
display  D   display_settings.c:191  debug_display_settings           [   0.24459] color: 16 (rgba 5650), depth: 0, stencil: 0, acc: 0000, samples: 0/0
display  D   display_settings.c:377  _al_score_display_settings       [   0.24468] Single Buffer requirement not met.
display  D   display_settings.c:191  debug_display_settings           [   0.24476] color: 16 (rgba 5650), depth: 24, stencil: 8, acc: 0000, samples: 0/0
display  D   display_settings.c:377  _al_score_display_settings       [   0.24485] Single Buffer requirement not met.
display  D   display_settings.c:191  debug_display_settings           [   0.24493] color: 16 (rgba 5650), depth: 24, stencil: 8, acc: 0000, samples: 0/0
display  D   display_settings.c:377  _al_score_display_settings       [   0.24502] Single Buffer requirement not met.
display  D   display_settings.c:191  debug_display_settings           [   0.24510] color: 16 (rgba 5650), depth: 24, stencil: 0, acc: 0000, samples: 0/0
display  D   display_settings.c:377  _al_score_display_settings       [   0.24520] Single Buffer requirement not met.
display  D   display_settings.c:191  debug_display_settings           [   0.24528] color: 16 (rgba 5650), depth: 24, stencil: 0, acc: 0000, samples: 0/0
display  D   display_settings.c:377  _al_score_display_settings       [   0.24538] Single Buffer requirement not met.
display  D   display_settings.c:191  debug_display_settings           [   0.24546] color: 16 (rgba 5650), depth: 16, stencil: 0, acc: 0000, samples: 0/0
display  D   display_settings.c:377  _al_score_display_settings       [   0.24555] Single Buffer requirement not met.
display  D   display_settings.c:191  debug_display_settings           [   0.24564] color: 16 (rgba 5650), depth: 16, stencil: 0, acc: 0000, samples: 0/0
display  D   display_settings.c:377  _al_score_display_settings       [   0.24573] Single Buffer requirement not met.
display  D   display_settings.c:191  debug_display_settings           [   0.24581] color: 32 (rgba 8880), depth: 0, stencil: 0, acc: 0000, samples: 0/0
display  D   display_settings.c:506  _al_score_display_settings       [   0.24590] Score is : 769
display  D   display_settings.c:191  debug_display_settings           [   0.24598] color: 32 (rgba 8880), depth: 0, stencil: 0, acc: 0000, samples: 0/0
display  D   display_settings.c:506  _al_score_display_settings       [   0.24607] Score is : 769
display  D   display_settings.c:191  debug_display_settings           [   0.24615] color: 32 (rgba 8880), depth: 24, stencil: 8, acc: 0000, samples: 0/0
display  D   display_settings.c:506  _al_score_display_settings       [   0.24625] Score is : 769
display  D   display_settings.c:191  debug_display_settings           [   0.24632] color: 32 (rgba 8880), depth: 24, stencil: 8, acc: 0000, samples: 0/0
display  D   display_settings.c:506  _al_score_display_settings       [   0.24641] Score is : 769
display  D   display_settings.c:191  debug_display_settings           [   0.24649] color: 32 (rgba 8880), depth: 24, stencil: 0, acc: 0000, samples: 0/0
display  D   display_settings.c:506  _al_score_display_settings       [   0.24658] Score is : 769
display  D   display_settings.c:191  debug_display_settings           [   0.24665] color: 32 (rgba 8880), depth: 24, stencil: 0, acc: 0000, samples: 0/0
display  D   display_settings.c:506  _al_score_display_settings       [   0.24675] Score is : 769
display  D   display_settings.c:191  debug_display_settings           [   0.24682] color: 32 (rgba 8880), depth: 16, stencil: 0, acc: 0000, samples: 0/0
display  D   display_settings.c:506  _al_score_display_settings       [   0.24692] Score is : 769
display  D   display_settings.c:191  debug_display_settings           [   0.24701] color: 32 (rgba 8880), depth: 16, stencil: 0, acc: 0000, samples: 0/0
display  D   display_settings.c:506  _al_score_display_settings       [   0.24711] Score is : 769
display  D   display_settings.c:191  debug_display_settings           [   0.24719] color: 16 (rgba 5650), depth: 0, stencil: 0, acc: 0000, samples: 0/0
display  D   display_settings.c:506  _al_score_display_settings       [   0.24728] Score is : 769
display  D   display_settings.c:191  debug_display_settings           [   0.24736] color: 16 (rgba 5650), depth: 0, stencil: 0, acc: 0000, samples: 0/0
display  D   display_settings.c:506  _al_score_display_settings       [   0.24746] Score is : 769
display  D   display_settings.c:191  debug_display_settings           [   0.24754] color: 16 (rgba 5650), depth: 24, stencil: 8, acc: 0000, samples: 0/0
display  D   display_settings.c:506  _al_score_display_settings       [   0.24763] Score is : 769
display  D   display_settings.c:191  debug_display_settings           [   0.24771] color: 16 (rgba 5650), depth: 24, stencil: 8, acc: 0000, samples: 0/0
display  D   display_settings.c:506  _al_score_display_settings       [   0.24780] Score is : 769
display  D   display_settings.c:191  debug_display_settings           [   0.24787] color: 16 (rgba 5650), depth: 24, stencil: 0, acc: 0000, samples: 0/0
display  D   display_settings.c:506  _al_score_display_settings       [   0.24796] Score is : 769
display  D   display_settings.c:191  debug_display_settings           [   0.24804] color: 16 (rgba 5650), depth: 24, stencil: 0, acc: 0000, samples: 0/0
display  D   display_settings.c:506  _al_score_display_settings       [   0.24813] Score is : 769
display  D   display_settings.c:191  debug_display_settings           [   0.24820] color: 16 (rgba 5650), depth: 16, stencil: 0, acc: 0000, samples: 0/0
display  D   display_settings.c:506  _al_score_display_settings       [   0.24829] Score is : 769
display  D   display_settings.c:191  debug_display_settings           [   0.24836] color: 16 (rgba 5650), depth: 16, stencil: 0, acc: 0000, samples: 0/0
display  D   display_settings.c:506  _al_score_display_settings       [   0.24845] Score is : 769
display  D   display_settings.c:191  debug_display_settings           [   0.24854] color: 32 (rgba 8880), depth: 0, stencil: 0, acc: 0000, samples: 0/0
display  D   display_settings.c:377  _al_score_display_settings       [   0.24864] Single Buffer requirement not met.
display  D   display_settings.c:191  debug_display_settings           [   0.24873] color: 32 (rgba 8880), depth: 0, stencil: 0, acc: 0000, samples: 0/0
display  D   display_settings.c:377  _al_score_display_settings       [   0.24884] Single Buffer requirement not met.
display  D   display_settings.c:191  debug_display_settings           [   0.24892] color: 32 (rgba 8880), depth: 24, stencil: 8, acc: 0000, samples: 0/0
display  D   display_settings.c:377  _al_score_display_settings       [   0.24902] Single Buffer requirement not met.
display  D   display_settings.c:191  debug_display_settings           [   0.24911] color: 32 (rgba 8880), depth: 24, stencil: 8, acc: 0000, samples: 0/0
display  D   display_settings.c:377  _al_score_display_settings       [   0.24921] Single Buffer requirement not met.
display  D   display_settings.c:191  debug_display_settings           [   0.24929] color: 32 (rgba 8880), depth: 24, stencil: 0, acc: 0000, samples: 0/0
display  D   display_settings.c:377  _al_score_display_settings       [   0.24938] Single Buffer requirement not met.
display  D   display_settings.c:191  debug_display_settings           [   0.24944] color: 32 (rgba 8880), depth: 24, stencil: 0, acc: 0000, samples: 0/0
display  D   display_settings.c:377  _al_score_display_settings       [   0.24950] Single Buffer requirement not met.
display  D   display_settings.c:191  debug_display_settings           [   0.24955] color: 32 (rgba 8880), depth: 16, stencil: 0, acc: 0000, samples: 0/0
display  D   display_settings.c:377  _al_score_display_settings       [   0.24970] Single Buffer requirement not met.
display  D   display_settings.c:191  debug_display_settings           [   0.24976] color: 32 (rgba 8880), depth: 16, stencil: 0, acc: 0000, samples: 0/0
display  D   display_settings.c:377  _al_score_display_settings       [   0.24982] Single Buffer requirement not met.
display  D   display_settings.c:191  debug_display_settings           [   0.24987] color: 16 (rgba 5650), depth: 0, stencil: 0, acc: 0000, samples: 0/0
display  D   display_settings.c:377  _al_score_display_settings       [   0.24993] Single Buffer requirement not met.
display  D   display_settings.c:191  debug_display_settings           [   0.24999] color: 16 (rgba 5650), depth: 0, stencil: 0, acc: 0000, samples: 0/0
display  D   display_settings.c:377  _al_score_display_settings       [   0.25009] Single Buffer requirement not met.
display  D   display_settings.c:191  debug_display_settings           [   0.25017] color: 16 (rgba 5650), depth: 24, stencil: 8, acc: 0000, samples: 0/0
display  D   display_settings.c:377  _al_score_display_settings       [   0.25026] Single Buffer requirement not met.
display  D   display_settings.c:191  debug_display_settings           [   0.25034] color: 16 (rgba 5650), depth: 24, stencil: 8, acc: 0000, samples: 0/0
display  D   display_settings.c:377  _al_score_display_settings       [   0.25044] Single Buffer requirement not met.
display  D   display_settings.c:191  debug_display_settings           [   0.25052] color: 16 (rgba 5650), depth: 24, stencil: 0, acc: 0000, samples: 0/0
display  D   display_settings.c:377  _al_score_display_settings       [   0.25062] Single Buffer requirement not met.
display  D   display_settings.c:191  debug_display_settings           [   0.25071] color: 16 (rgba 5650), depth: 24, stencil: 0, acc: 0000, samples: 0/0
display  D   display_settings.c:377  _al_score_display_settings       [   0.25080] Single Buffer requirement not met.
display  D   display_settings.c:191  debug_display_settings           [   0.25089] color: 16 (rgba 5650), depth: 16, stencil: 0, acc: 0000, samples: 0/0
display  D   display_settings.c:377  _al_score_display_settings       [   0.25098] Single Buffer requirement not met.
display  D   display_settings.c:191  debug_display_settings           [   0.25106] color: 16 (rgba 5650), depth: 16, stencil: 0, acc: 0000, samples: 0/0
display  D   display_settings.c:377  _al_score_display_settings       [   0.25112] Single Buffer requirement not met.
d3d      D         d3d_disp.cpp:1645 d3d_create_display_internals     [   0.25120] Trying format 0.
d3d      I         d3d_disp.cpp:1326 d3d_display_thread_proc          [   0.25253] Chose a display format: 23
d3d      I         d3d_disp.cpp:1395 d3d_display_thread_proc          [   0.25268] Normal window.
d3d      I         d3d_disp.cpp:801  d3d_create_device                [   0.28579] Using no depth stencil buffer
d3d      D         d3d_disp.cpp:866  d3d_create_device                [   0.41285] BeginScene succeeded in create_device
d3d      D         d3d_disp.cpp:874  d3d_create_device                [   0.41301] Success
d3d      D         d3d_disp.cpp:1668 d3d_create_display_internals     [   0.41312] Resumed after wait.
d3d      I         d3d_disp.cpp:1701 d3d_create_display_internals     [   0.41325] Format 0 succeeded.
d3d      D         d3d_disp.cpp:1724 d3d_create_display_internals     [   0.41339] Returning d3d_display: 0080BEA8
d3d      D         d3d_disp.cpp:1749 d3d_create_display_locked        [   0.41348] al_display=0080BEA8
d3d      D         d3d_disp.cpp:1750 d3d_create_display_locked        [   0.41355] al_display->vt=007EE180
dtor     D               dtor.c:184  _al_register_destructor          [   0.44181] added dtor for object 00827E90, func 642C27A7
dtor     D               dtor.c:114  _al_run_destructors              [  95.24638] calling dtor for object 00827E90, func 642C27A7
dtor     D               dtor.c:214  _al_unregister_destructor        [  95.24656] removed dtor for object 00827E90
